[
  {
    "line": 1,
    "elements": [
      {
        "start_timestamp": "2020-09-15T20:07:58.634Z",
        "before": [
          {
            "result": {
              "duration": 2349000000,
              "status": "passed"
            },
            "match": {
              "location": "com.hrms.stepDefinitions.Hooks.startTest()"
            }
          }
        ],
        "line": 9,
        "name": "Login with invalid credentials",
        "description": "",
        "id": "login-functionality;login-with-invalid-credentials",
        "after": [
          {
            "result": {
              "error_message": "org.openqa.selenium.NoSuchWindowException: no such window: target window already closed\nfrom unknown error: web view not found\n  (Session info: chrome\u003d85.0.4183.102)\nBuild info: version: \u00273.141.59\u0027, revision: \u0027e82be7d358\u0027, time: \u00272018-11-14T08:17:03\u0027\nSystem info: host: \u0027Irwins-MacBook-Air.local\u0027, ip: \u0027fe80:0:0:0:141b:62f2:88f7:a151%en0\u0027, os.name: \u0027Mac OS X\u0027, os.arch: \u0027x86_64\u0027, os.version: \u002710.15.6\u0027, java.version: \u00271.8.0_251\u0027\nDriver info: org.openqa.selenium.chrome.ChromeDriver\nCapabilities {acceptInsecureCerts: false, browserName: chrome, browserVersion: 85.0.4183.102, chrome: {chromedriverVersion: 85.0.4183.87 (cd6713ebf92fa..., userDataDir: /var/folders/r9/dw02xrys19v...}, goog:chromeOptions: {debuggerAddress: localhost:52313}, javascriptEnabled: true, networkConnectionEnabled: false, pageLoadStrategy: normal, platform: MAC, platformName: MAC, proxy: Proxy(), setWindowRect: true, strictFileInteractability: false, timeouts: {implicit: 0, pageLoad: 300000, script: 30000}, unhandledPromptBehavior: dismiss and notify, webauthn:virtualAuthenticators: true}\nSession ID: e04628676f9fd0ba5cba152b19a35547\n\tat sun.reflect.NativeConstructorAccessorImpl.newInstance0(Native Method)\n\tat sun.reflect.NativeConstructorAccessorImpl.newInstance(NativeConstructorAccessorImpl.java:62)\n\tat sun.reflect.DelegatingConstructorAccessorImpl.newInstance(DelegatingConstructorAccessorImpl.java:45)\n\tat java.lang.reflect.Constructor.newInstance(Constructor.java:423)\n\tat org.openqa.selenium.remote.http.W3CHttpResponseCodec.createException(W3CHttpResponseCodec.java:187)\n\tat org.openqa.selenium.remote.http.W3CHttpResponseCodec.decode(W3CHttpResponseCodec.java:122)\n\tat org.openqa.selenium.remote.http.W3CHttpResponseCodec.decode(W3CHttpResponseCodec.java:49)\n\tat org.openqa.selenium.remote.HttpCommandExecutor.execute(HttpCommandExecutor.java:158)\n\tat org.openqa.selenium.remote.service.DriverCommandExecutor.execute(DriverCommandExecutor.java:83)\n\tat org.openqa.selenium.remote.RemoteWebDriver.execute(RemoteWebDriver.java:552)\n\tat org.openqa.selenium.remote.RemoteWebDriver.execute(RemoteWebDriver.java:609)\n\tat org.openqa.selenium.remote.RemoteWebDriver.getScreenshotAs(RemoteWebDriver.java:295)\n\tat com.hrms.Utils.CommonMethods.takeScreenShot(CommonMethods.java:99)\n\tat com.hrms.stepDefinitions.Hooks.endTest(Hooks.java:21)\n",
              "duration": 13000000,
              "status": "failed"
            },
            "match": {
              "location": "com.hrms.stepDefinitions.Hooks.endTest(io.cucumber.java.Scenario)"
            }
          }
        ],
        "type": "scenario",
        "keyword": "Scenario",
        "steps": [
          {
            "result": {
              "error_message": "org.openqa.selenium.NoSuchElementException: Cannot locate an element using id\u003dtxtUsername\nFor documentation on this error, please visit: https://www.seleniumhq.org/exceptions/no_such_element.html\nBuild info: version: \u00273.141.59\u0027, revision: \u0027e82be7d358\u0027, time: \u00272018-11-14T08:17:03\u0027\nSystem info: host: \u0027Irwins-MacBook-Air.local\u0027, ip: \u0027fe80:0:0:0:141b:62f2:88f7:a151%en0\u0027, os.name: \u0027Mac OS X\u0027, os.arch: \u0027x86_64\u0027, os.version: \u002710.15.6\u0027, java.version: \u00271.8.0_251\u0027\nDriver info: driver.version: RemoteWebDriver\n\tat org.openqa.selenium.remote.RemoteWebDriver.findElement(RemoteWebDriver.java:327)\n\tat org.openqa.selenium.remote.RemoteWebDriver.findElementById(RemoteWebDriver.java:372)\n\tat org.openqa.selenium.By$ById.findElement(By.java:188)\n\tat org.openqa.selenium.remote.RemoteWebDriver.findElement(RemoteWebDriver.java:315)\n\tat org.openqa.selenium.support.pagefactory.DefaultElementLocator.findElement(DefaultElementLocator.java:69)\n\tat org.openqa.selenium.support.pagefactory.internal.LocatingElementHandler.invoke(LocatingElementHandler.java:38)\n\tat com.sun.proxy.$Proxy16.sendKeys(Unknown Source)\n\tat com.hrms.pages.LoginPageElements.loginToHrms(LoginPageElements.java:36)\n\tat com.hrms.stepDefinitions.LoginStepDefinitions.login_with_invalid_credentials(LoginStepDefinitions.java:32)\n\tat âœ½.login with invalid credentials(file:///Users/irwinferrufino/eclipse-workspace/CucumberFramework/src/test/resources/features/Login.feature:10)\n",
              "duration": 3973000000,
              "status": "failed"
            },
            "line": 10,
            "name": "login with invalid credentials",
            "match": {
              "location": "com.hrms.stepDefinitions.LoginStepDefinitions.login_with_invalid_credentials()"
            },
            "keyword": "When "
          },
          {
            "result": {
              "duration": 1000000,
              "status": "skipped"
            },
            "line": 11,
            "name": "verify the error message",
            "match": {
              "location": "com.hrms.stepDefinitions.LoginStepDefinitions.verify_the_error_message()"
            },
            "keyword": "Then "
          }
        ],
        "tags": [
          {
            "name": "@smoke"
          }
        ]
      }
    ],
    "name": "Login Functionality",
    "description": "",
    "id": "login-functionality",
    "keyword": "Feature",
    "uri": "file:src/test/resources/features/Login.feature",
    "tags": []
  }
]